<?xml version="1.0" encoding="UTF-8"?>
<testsuite xmlns:xsi="http://www.w3.org/2001/XMLSchema-instance" xsi:noNamespaceSchemaLocation="https://maven.apache.org/surefire/maven-surefire-plugin/xsd/surefire-test-report-3.0.xsd" version="3.0" name="com.praktikum.whitebox.service.ServiceInventarisTest" time="6.559" tests="30" errors="0" skipped="0" failures="0">
  <properties>
[...]
</properties>
  <testcase name="cariProdukByKategori_Test" classname="com.praktikum.whitebox.service.ServiceInventarisTest" time="5.715">
    <system-err><![CDATA[Mockito is currently self-attaching to enable the inline-mock-maker. This will no longer work in future releases of the JDK. Please add Mockito as an agent to your build as described in Mockito's documentation: https://javadoc.io/doc/org.mockito/mockito-core/latest/org.mockito/org/mockito/Mockito.html#0.3
WARNING: A Java agent has been loaded dynamically (C:\Users\admin\.m2\repository\net\bytebuddy\byte-buddy-agent\1.17.6\byte-buddy-agent-1.17.6.jar)
WARNING: If a serviceability tool is in use, please run with -XX:+EnableDynamicAgentLoading to hide this warning
WARNING: If a serviceability tool is not in use, please run with -Djdk.instrument.traceUsage for more information
WARNING: Dynamic loading of agents will be disallowed by default in a future release
]]></system-err>
  </testcase>
  <testcase name="cariProdukByKode_Present" classname="com.praktikum.whitebox.service.ServiceInventarisTest" time="0.023"/>
  <testcase name="tambahProduk_SimpanFalse" classname="com.praktikum.whitebox.service.ServiceInventarisTest" time="0.018"/>
  <testcase name="updateStok_InvalidInput" classname="com.praktikum.whitebox.service.ServiceInventarisTest" time="0.011"/>
  <testcase name="tambahProduk_AlreadyExists" classname="com.praktikum.whitebox.service.ServiceInventarisTest" time="0.015"/>
  <testcase name="hitungTotalNilaiInventaris_Test" classname="com.praktikum.whitebox.service.ServiceInventarisTest" time="0.027"/>
  <testcase name="masukStok_InvalidInput" classname="com.praktikum.whitebox.service.ServiceInventarisTest" time="0.049"/>
  <testcase name="updateStok_NotFound" classname="com.praktikum.whitebox.service.ServiceInventarisTest" time="0.025"/>
  <testcase name="keluarStok_StokKurang" classname="com.praktikum.whitebox.service.ServiceInventarisTest" time="0.035"/>
  <testcase name="updateStok_RepoFalse" classname="com.praktikum.whitebox.service.ServiceInventarisTest" time="0.033"/>
  <testcase name="hitungTotalStok_Test" classname="com.praktikum.whitebox.service.ServiceInventarisTest" time="0.028"/>
  <testcase name="tambahProduk_InvalidProduk" classname="com.praktikum.whitebox.service.ServiceInventarisTest" time="0.024"/>
  <testcase name="masukStok_RepoFails" classname="com.praktikum.whitebox.service.ServiceInventarisTest" time="0.029"/>
  <testcase name="tambahProduk_Success" classname="com.praktikum.whitebox.service.ServiceInventarisTest" time="0.019"/>
  <testcase name="keluarStok_NotPresentOrInactive" classname="com.praktikum.whitebox.service.ServiceInventarisTest" time="0.02"/>
  <testcase name="hapusProduk_NotFound" classname="com.praktikum.whitebox.service.ServiceInventarisTest" time="0.021"/>
  <testcase name="masukStok_NotFoundOrInactive" classname="com.praktikum.whitebox.service.ServiceInventarisTest" time="0.019"/>
  <testcase name="cariProdukByKode_InvalidKode" classname="com.praktikum.whitebox.service.ServiceInventarisTest" time="0.009"/>
  <testcase name="hapusProduk_StokMasihAda" classname="com.praktikum.whitebox.service.ServiceInventarisTest" time="0.009"/>
  <testcase name="getProdukStokHabis_Test" classname="com.praktikum.whitebox.service.ServiceInventarisTest" time="0.013"/>
  <testcase name="hapusProduk_InvalidKode" classname="com.praktikum.whitebox.service.ServiceInventarisTest" time="0.007"/>
  <testcase name="updateStok_Success" classname="com.praktikum.whitebox.service.ServiceInventarisTest" time="0.015"/>
  <testcase name="keluarStok_InvalidInput" classname="com.praktikum.whitebox.service.ServiceInventarisTest" time="0.009"/>
  <testcase name="keluarStok_RepoFails" classname="com.praktikum.whitebox.service.ServiceInventarisTest" time="0.02"/>
  <testcase name="hapusProduk_Success" classname="com.praktikum.whitebox.service.ServiceInventarisTest" time="0.04"/>
  <testcase name="hapusProduk_RepoFails" classname="com.praktikum.whitebox.service.ServiceInventarisTest" time="0.03"/>
  <testcase name="keluarStok_Success" classname="com.praktikum.whitebox.service.ServiceInventarisTest" time="0.014"/>
  <testcase name="getProdukStokMenipis_Test" classname="com.praktikum.whitebox.service.ServiceInventarisTest" time="0.014"/>
  <testcase name="masukStok_Success" classname="com.praktikum.whitebox.service.ServiceInventarisTest" time="0.015"/>
  <testcase name="cariProdukByNama_Test" classname="com.praktikum.whitebox.service.ServiceInventarisTest" time="0.007"/>
</testsuite>