<?xml version="1.0" encoding="UTF-8"?>
<testsuite xmlns:xsi="http://www.w3.org/2001/XMLSchema-instance" xsi:noNamespaceSchemaLocation="https://maven.apache.org/surefire/maven-surefire-plugin/xsd/surefire-test-report-3.0.xsd" version="3.0" name="com.praktikum.whitebox.util.ValidationUtilsTest" time="0.082" tests="9" errors="0" skipped="0" failures="0">
  <properties>
[...]
</properties>
  <testcase name="testIsValidPersentase_Branches" classname="com.praktikum.whitebox.util.ValidationUtilsTest" time="0.003"/>
  <testcase name="testIsValidKategori_AllBranches" classname="com.praktikum.whitebox.util.ValidationUtilsTest" time="0.009"/>
  <testcase name="testIsValidStokMinimum_Branches" classname="com.praktikum.whitebox.util.ValidationUtilsTest" time="0.004"/>
  <testcase name="testIsValidKuantitas_Branches" classname="com.praktikum.whitebox.util.ValidationUtilsTest" time="0.005"/>
  <testcase name="testIsValidProduk_AllBranches" classname="com.praktikum.whitebox.util.ValidationUtilsTest" time="0.003"/>
  <testcase name="testIsValidHarga_Branches" classname="com.praktikum.whitebox.util.ValidationUtilsTest" time="0.008"/>
  <testcase name="testIsValidNama_AllBranches" classname="com.praktikum.whitebox.util.ValidationUtilsTest" time="0.004"/>
  <testcase name="testIsValidStok_Branches" classname="com.praktikum.whitebox.util.ValidationUtilsTest" time="0.006"/>
  <testcase name="testIsValidKodeProduk_AllBranches" classname="com.praktikum.whitebox.util.ValidationUtilsTest" time="0.002"/>
</testsuite>